Unity Editor version:    2021.3.10f1 (1c7d0df0160b)
Branch:                  2021.3/staging
Build type:              Release
Batch mode:              YES
macOS version:           Version 12.5.1 (Build 21G83)
Darwin version:          21.6.0
Architecture:            x86_64
Running under Rosetta:   YES
Available memory:        8192 MB
Using pre-set license
Pro License: YES

COMMAND LINE ARGUMENTS:
/Applications/Unity/Hub/Editor/2021.3.10f1/Unity.app/Contents/MacOS/Unity
-adb2
-batchMode
-noUpm
-name
AssetImportWorker0
-projectPath
/Users/alaaabdelazeem/Desktop/Projects/Infinite Runner Gamee
-logFile
Logs/AssetImportWorker0.log
-srvPort
61775
Successfully changed project path to: /Users/alaaabdelazeem/Desktop/Projects/Infinite Runner Gamee
/Users/alaaabdelazeem/Desktop/Projects/Infinite Runner Gamee
[UnityMemory] Configuration Parameters - Can be set up in boot.config
    "memorysetup-bucket-allocator-granularity=16"
    "memorysetup-bucket-allocator-bucket-count=8"
    "memorysetup-bucket-allocator-block-size=33554432"
    "memorysetup-bucket-allocator-block-count=8"
    "memorysetup-main-allocator-block-size=16777216"
    "memorysetup-thread-allocator-block-size=16777216"
    "memorysetup-gfx-main-allocator-block-size=16777216"
    "memorysetup-gfx-thread-allocator-block-size=16777216"
    "memorysetup-cache-allocator-block-size=4194304"
    "memorysetup-typetree-allocator-block-size=2097152"
    "memorysetup-profiler-bucket-allocator-granularity=16"
    "memorysetup-profiler-bucket-allocator-bucket-count=8"
    "memorysetup-profiler-bucket-allocator-block-size=33554432"
    "memorysetup-profiler-bucket-allocator-block-count=8"
    "memorysetup-profiler-allocator-block-size=16777216"
    "memorysetup-profiler-editor-allocator-block-size=1048576"
    "memorysetup-temp-allocator-size-main=16777216"
    "memorysetup-job-temp-allocator-block-size=2097152"
    "memorysetup-job-temp-allocator-block-size-background=1048576"
    "memorysetup-job-temp-allocator-reduction-small-platforms=262144"
    "memorysetup-temp-allocator-size-background-worker=32768"
    "memorysetup-temp-allocator-size-job-worker=262144"
    "memorysetup-temp-allocator-size-preload-manager=33554432"
    "memorysetup-temp-allocator-size-nav-mesh-worker=65536"
    "memorysetup-temp-allocator-size-audio-worker=65536"
    "memorysetup-temp-allocator-size-cloud-worker=32768"
    "memorysetup-temp-allocator-size-gi-baking-worker=262144"
    "memorysetup-temp-allocator-size-gfx=262144"
Refreshing native plugins compatible for Editor in 100.10 ms, found 2 plugins.
Preloading 0 native plugins for Editor in 0.00 ms.
Initialize engine version: 2021.3.10f1 (1c7d0df0160b)
[Subsystems] Discovering subsystems at path /Applications/Unity/Hub/Editor/2021.3.10f1/Unity.app/Contents/Resources/UnitySubsystems
[Subsystems] Discovering subsystems at path /Users/alaaabdelazeem/Desktop/Projects/Infinite Runner Gamee/Assets
GfxDevice: creating device client; threaded=0; jobified=0
 preferred device: Apple M1 (high power)
Metal devices available: 1
0: Apple M1 (high power)
Using device Apple M1 (high power)
Initializing Metal device caps: Apple M1
Initialize mono
Mono path[0] = '/Applications/Unity/Hub/Editor/2021.3.10f1/Unity.app/Contents/Managed'
Mono path[1] = '/Applications/Unity/Hub/Editor/2021.3.10f1/Unity.app/Contents/MonoBleedingEdge/lib/mono/unityjit-macos'
Mono config path = '/Applications/Unity/Hub/Editor/2021.3.10f1/Unity.app/Contents/MonoBleedingEdge/etc'
Using monoOptions --debugger-agent=transport=dt_socket,embedding=1,server=y,suspend=n,address=127.0.0.1:56863
Begin MonoManager ReloadAssembly
Registering precompiled unity dll's ...
Register platform support module: /Applications/Unity/Hub/Editor/2021.3.10f1/Unity.app/Contents/PlaybackEngines/MacStandaloneSupport/UnityEditor.OSXStandalone.Extensions.dll
Register platform support module: /Applications/Unity/Hub/Editor/2021.3.10f1/PlaybackEngines/AndroidPlayer/UnityEditor.Android.Extensions.dll
Registered in 0.001931 seconds.
Native extension for Android target not found
Native extension for OSXStandalone target not found
Refreshing native plugins compatible for Editor in 111.13 ms, found 2 plugins.
Preloading 0 native plugins for Editor in 0.00 ms.
Mono: successfully reloaded assembly
- Completed reload, in  1.568 seconds
Domain Reload Profiling:
	ReloadAssembly (1570ms)
		BeginReloadAssembly (167ms)
			ExecutionOrderSort (0ms)
			DisableScriptedObjects (0ms)
			BackupInstance (0ms)
			ReleaseScriptingObjects (0ms)
			CreateAndSetChildDomain (3ms)
		EndReloadAssembly (1154ms)
			LoadAssemblies (165ms)
			RebuildTransferFunctionScriptingTraits (0ms)
			SetupTypeCache (155ms)
			ReleaseScriptCaches (0ms)
			RebuildScriptCaches (37ms)
			SetupLoadedEditorAssemblies (813ms)
				LogAssemblyErrors (0ms)
				InitializePlatformSupportModulesInManaged (187ms)
				SetLoadedEditorAssemblies (0ms)
				RefreshPlugins (111ms)
				BeforeProcessingInitializeOnLoad (4ms)
				ProcessInitializeOnLoadAttributes (320ms)
				ProcessInitializeOnLoadMethodAttributes (188ms)
				AfterProcessingInitializeOnLoad (0ms)
				EditorAssembliesLoaded (1ms)
			ExecutionOrderSort2 (0ms)
			AwakeInstancesAfterBackupRestoration (0ms)
Platform modules already initialized, skipping
Registering precompiled user dll's ...
Registered in 0.006031 seconds.
Begin MonoManager ReloadAssembly
Symbol file LoadedFromMemory doesn't match image /Users/alaaabdelazeem/Desktop/Projects/Infinite Runner Gamee/Library/PackageCache/com.unity.visualscripting@1.7.8/Editor/VisualScripting.Core/Dependencies/YamlDotNet/Unity.VisualScripting.YamlDotNet.dll
Symbol file LoadedFromMemory doesn't match image /Users/alaaabdelazeem/Desktop/Projects/Infinite Runner Gamee/Library/PackageCache/com.unity.visualscripting@1.7.8/Editor/VisualScripting.Core/Dependencies/DotNetZip/Unity.VisualScripting.IonicZip.dll
Native extension for Android target not found
Native extension for OSXStandalone target not found
Refreshing native plugins compatible for Editor in 0.53 ms, found 2 plugins.
Preloading 0 native plugins for Editor in 0.00 ms.
Mono: successfully reloaded assembly
- Completed reload, in  2.571 seconds
Domain Reload Profiling:
	ReloadAssembly (2575ms)
		BeginReloadAssembly (369ms)
			ExecutionOrderSort (0ms)
			DisableScriptedObjects (40ms)
			BackupInstance (0ms)
			ReleaseScriptingObjects (0ms)
			CreateAndSetChildDomain (150ms)
		EndReloadAssembly (1926ms)
			LoadAssemblies (150ms)
			RebuildTransferFunctionScriptingTraits (0ms)
			SetupTypeCache (364ms)
			ReleaseScriptCaches (4ms)
			RebuildScriptCaches (63ms)
			SetupLoadedEditorAssemblies (1191ms)
				LogAssemblyErrors (0ms)
				InitializePlatformSupportModulesInManaged (42ms)
				SetLoadedEditorAssemblies (1ms)
				RefreshPlugins (1ms)
				BeforeProcessingInitializeOnLoad (137ms)
				ProcessInitializeOnLoadAttributes (890ms)
				ProcessInitializeOnLoadMethodAttributes (119ms)
				AfterProcessingInitializeOnLoad (1ms)
				EditorAssembliesLoaded (0ms)
			ExecutionOrderSort2 (0ms)
			AwakeInstancesAfterBackupRestoration (10ms)
Platform modules already initialized, skipping
========================================================================
Worker process is ready to serve import requests
Launching external process: /Applications/Unity/Hub/Editor/2021.3.10f1/Unity.app/Contents/Tools/UnityShaderCompiler
Launched and connected shader compiler UnityShaderCompiler after 0.30 seconds
Refreshing native plugins compatible for Editor in 0.56 ms, found 2 plugins.
Preloading 0 native plugins for Editor in 0.00 ms.
Unloading 3437 Unused Serialized files (Serialized files now loaded: 0)
Unloading 27 unused Assets / (97.3 KB). Loaded Objects now: 3902.
Memory consumption went from 314.8 MB to 314.7 MB.
Total: 6.907417 ms (FindLiveObjects: 0.234625 ms CreateObjectMapping: 0.086875 ms MarkObjects: 6.332500 ms  DeleteObjects: 0.252292 ms)

AssetImportParameters requested are different than current active one (requested -> active):
  custom:video-decoder-ogg-theora: a1e56fd34408186e4bbccfd4996cb3dc -> 
  custom:container-muxer-webm: aa71ff27fc2769a1b78a27578f13a17b -> 
  custom:container-demuxer-webm: 4f35f7cbe854078d1ac9338744f61a02 -> 
  custom:video-encoder-webm-vp8: eb34c28f22e8b96e1ab97ce403110664 -> 
  custom:framework-osx-AVFoundation: e770b220cccbd017edd2c1fefb359320 -> 
  custom:audio-encoder-webm-vorbis: bf7c407c2cedff20999df2af8eb42d56 -> 
  custom:container-demuxer-ogg: 62fdf1f143b41e24485cea50d1cbac27 -> 
  custom:video-decoder-webm-vp8: 9c59270c3fd7afecdb556c50c9e8de78 -> 
  custom:audio-decoder-ogg-vorbis: bf7c407c2cedff20999df2af8eb42d56 -> 
========================================================================
Received Import Request.
  Time since last request: 1221519.075999 seconds.
  path: Assets/Scenes/GameOver.unity
  artifactKey: Guid(d3d7b97389a0e450ab10678da5fe9877) Importer(815301076,1909f56bfc062723c751e8b465ee728b)
Start importing Assets/Scenes/GameOver.unity using Guid(d3d7b97389a0e450ab10678da5fe9877) Importer(815301076,1909f56bfc062723c751e8b465ee728b)  -> (artifact id: '043aca7a9095face23a65b3760c46dd5') in 0.010426 seconds 
========================================================================
Received Prepare
Registering precompiled user dll's ...
Registered in 0.002573 seconds.
Begin MonoManager ReloadAssembly
Symbol file LoadedFromMemory doesn't match image /Users/alaaabdelazeem/Desktop/Projects/Infinite Runner Gamee/Library/PackageCache/com.unity.visualscripting@1.7.8/Editor/VisualScripting.Core/Dependencies/YamlDotNet/Unity.VisualScripting.YamlDotNet.dll
Symbol file LoadedFromMemory doesn't match image /Users/alaaabdelazeem/Desktop/Projects/Infinite Runner Gamee/Library/PackageCache/com.unity.visualscripting@1.7.8/Editor/VisualScripting.Core/Dependencies/DotNetZip/Unity.VisualScripting.IonicZip.dll
Native extension for Android target not found
Native extension for OSXStandalone target not found
Refreshing native plugins compatible for Editor in 1.04 ms, found 2 plugins.
Preloading 0 native plugins for Editor in 0.00 ms.
Mono: successfully reloaded assembly
- Completed reload, in  2.550 seconds
Domain Reload Profiling:
	ReloadAssembly (2552ms)
		BeginReloadAssembly (363ms)
			ExecutionOrderSort (0ms)
			DisableScriptedObjects (44ms)
			BackupInstance (0ms)
			ReleaseScriptingObjects (0ms)
			CreateAndSetChildDomain (102ms)
		EndReloadAssembly (1946ms)
			LoadAssemblies (169ms)
			RebuildTransferFunctionScriptingTraits (0ms)
			SetupTypeCache (386ms)
			ReleaseScriptCaches (1ms)
			RebuildScriptCaches (49ms)
			SetupLoadedEditorAssemblies (1204ms)
				LogAssemblyErrors (0ms)
				InitializePlatformSupportModulesInManaged (64ms)
				SetLoadedEditorAssemblies (3ms)
				RefreshPlugins (1ms)
				BeforeProcessingInitializeOnLoad (113ms)
				ProcessInitializeOnLoadAttributes (904ms)
				ProcessInitializeOnLoadMethodAttributes (118ms)
				AfterProcessingInitializeOnLoad (1ms)
				EditorAssembliesLoaded (0ms)
			ExecutionOrderSort2 (0ms)
			AwakeInstancesAfterBackupRestoration (11ms)
Platform modules already initialized, skipping
Refreshing native plugins compatible for Editor in 1.62 ms, found 2 plugins.
Preloading 0 native plugins for Editor in 0.00 ms.
Unloading 3418 Unused Serialized files (Serialized files now loaded: 0)
Unloading 20 unused Assets / (73.4 KB). Loaded Objects now: 3905.
Memory consumption went from 313.3 MB to 313.2 MB.
Total: 7.222000 ms (FindLiveObjects: 0.411708 ms CreateObjectMapping: 0.136333 ms MarkObjects: 6.548500 ms  DeleteObjects: 0.124542 ms)

AssetImportParameters requested are different than current active one (requested -> active):
  custom:video-decoder-ogg-theora: a1e56fd34408186e4bbccfd4996cb3dc -> 
  custom:container-muxer-webm: aa71ff27fc2769a1b78a27578f13a17b -> 
  custom:container-demuxer-webm: 4f35f7cbe854078d1ac9338744f61a02 -> 
  custom:video-encoder-webm-vp8: eb34c28f22e8b96e1ab97ce403110664 -> 
  custom:framework-osx-AVFoundation: e770b220cccbd017edd2c1fefb359320 -> 
  custom:audio-encoder-webm-vorbis: bf7c407c2cedff20999df2af8eb42d56 -> 
  custom:container-demuxer-ogg: 62fdf1f143b41e24485cea50d1cbac27 -> 
  custom:video-decoder-webm-vp8: 9c59270c3fd7afecdb556c50c9e8de78 -> 
  custom:audio-decoder-ogg-vorbis: bf7c407c2cedff20999df2af8eb42d56 -> 
========================================================================
Received Import Request.
  Time since last request: 820.940588 seconds.
  path: Assets/Scenes/MenuScene.unity
  artifactKey: Guid(9f4fe85d2d040421e97db7ac7066d38d) Importer(815301076,1909f56bfc062723c751e8b465ee728b)
Start importing Assets/Scenes/MenuScene.unity using Guid(9f4fe85d2d040421e97db7ac7066d38d) Importer(815301076,1909f56bfc062723c751e8b465ee728b)  -> (artifact id: '88330f127950d5197ed69a71c5b65a18') in 0.015330 seconds 
========================================================================
Received Prepare
Registering precompiled user dll's ...
Registered in 0.001763 seconds.
Begin MonoManager ReloadAssembly
Symbol file LoadedFromMemory doesn't match image /Users/alaaabdelazeem/Desktop/Projects/Infinite Runner Gamee/Library/PackageCache/com.unity.visualscripting@1.7.8/Editor/VisualScripting.Core/Dependencies/YamlDotNet/Unity.VisualScripting.YamlDotNet.dll
Symbol file LoadedFromMemory doesn't match image /Users/alaaabdelazeem/Desktop/Projects/Infinite Runner Gamee/Library/PackageCache/com.unity.visualscripting@1.7.8/Editor/VisualScripting.Core/Dependencies/DotNetZip/Unity.VisualScripting.IonicZip.dll
Native extension for Android target not found
Native extension for OSXStandalone target not found
Refreshing native plugins compatible for Editor in 0.63 ms, found 2 plugins.
Preloading 0 native plugins for Editor in 0.00 ms.
Mono: successfully reloaded assembly
- Completed reload, in  2.479 seconds
Domain Reload Profiling:
	ReloadAssembly (2482ms)
		BeginReloadAssembly (344ms)
			ExecutionOrderSort (0ms)
			DisableScriptedObjects (41ms)
			BackupInstance (0ms)
			ReleaseScriptingObjects (0ms)
			CreateAndSetChildDomain (90ms)
		EndReloadAssembly (1900ms)
			LoadAssemblies (158ms)
			RebuildTransferFunctionScriptingTraits (0ms)
			SetupTypeCache (354ms)
			ReleaseScriptCaches (1ms)
			RebuildScriptCaches (50ms)
			SetupLoadedEditorAssemblies (1193ms)
				LogAssemblyErrors (0ms)
				InitializePlatformSupportModulesInManaged (68ms)
				SetLoadedEditorAssemblies (1ms)
				RefreshPlugins (1ms)
				BeforeProcessingInitializeOnLoad (112ms)
				ProcessInitializeOnLoadAttributes (864ms)
				ProcessInitializeOnLoadMethodAttributes (145ms)
				AfterProcessingInitializeOnLoad (1ms)
				EditorAssembliesLoaded (0ms)
			ExecutionOrderSort2 (0ms)
			AwakeInstancesAfterBackupRestoration (11ms)
Platform modules already initialized, skipping
Refreshing native plugins compatible for Editor in 1.32 ms, found 2 plugins.
Preloading 0 native plugins for Editor in 0.00 ms.
Unloading 3418 Unused Serialized files (Serialized files now loaded: 0)
Unloading 20 unused Assets / (73.3 KB). Loaded Objects now: 3908.
Memory consumption went from 313.5 MB to 313.5 MB.
Total: 3.805000 ms (FindLiveObjects: 0.514000 ms CreateObjectMapping: 0.100584 ms MarkObjects: 2.992000 ms  DeleteObjects: 0.197000 ms)

AssetImportParameters requested are different than current active one (requested -> active):
  custom:video-decoder-ogg-theora: a1e56fd34408186e4bbccfd4996cb3dc -> 
  custom:container-muxer-webm: aa71ff27fc2769a1b78a27578f13a17b -> 
  custom:container-demuxer-webm: 4f35f7cbe854078d1ac9338744f61a02 -> 
  custom:video-encoder-webm-vp8: eb34c28f22e8b96e1ab97ce403110664 -> 
  custom:framework-osx-AVFoundation: e770b220cccbd017edd2c1fefb359320 -> 
  custom:audio-encoder-webm-vorbis: bf7c407c2cedff20999df2af8eb42d56 -> 
  custom:container-demuxer-ogg: 62fdf1f143b41e24485cea50d1cbac27 -> 
  custom:video-decoder-webm-vp8: 9c59270c3fd7afecdb556c50c9e8de78 -> 
  custom:audio-decoder-ogg-vorbis: bf7c407c2cedff20999df2af8eb42d56 -> 
========================================================================
Received Import Request.
  Time since last request: 53.390596 seconds.
  path: Assets/Scenes/MenuScene.unity
  artifactKey: Guid(9f4fe85d2d040421e97db7ac7066d38d) Importer(815301076,1909f56bfc062723c751e8b465ee728b)
Start importing Assets/Scenes/MenuScene.unity using Guid(9f4fe85d2d040421e97db7ac7066d38d) Importer(815301076,1909f56bfc062723c751e8b465ee728b)  -> (artifact id: '29641addd2146a0623e1d9de66ebbf9f') in 0.033759 seconds 
========================================================================
Received Prepare
Registering precompiled user dll's ...
Registered in 0.001775 seconds.
Begin MonoManager ReloadAssembly
Symbol file LoadedFromMemory doesn't match image /Users/alaaabdelazeem/Desktop/Projects/Infinite Runner Gamee/Library/PackageCache/com.unity.visualscripting@1.7.8/Editor/VisualScripting.Core/Dependencies/YamlDotNet/Unity.VisualScripting.YamlDotNet.dll
Symbol file LoadedFromMemory doesn't match image /Users/alaaabdelazeem/Desktop/Projects/Infinite Runner Gamee/Library/PackageCache/com.unity.visualscripting@1.7.8/Editor/VisualScripting.Core/Dependencies/DotNetZip/Unity.VisualScripting.IonicZip.dll
Native extension for Android target not found
Native extension for OSXStandalone target not found
Refreshing native plugins compatible for Editor in 0.70 ms, found 2 plugins.
Preloading 0 native plugins for Editor in 0.00 ms.
Mono: successfully reloaded assembly
- Completed reload, in  2.620 seconds
Domain Reload Profiling:
	ReloadAssembly (2626ms)
		BeginReloadAssembly (358ms)
			ExecutionOrderSort (0ms)
			DisableScriptedObjects (43ms)
			BackupInstance (0ms)
			ReleaseScriptingObjects (0ms)
			CreateAndSetChildDomain (107ms)
		EndReloadAssembly (2008ms)
			LoadAssemblies (135ms)
			RebuildTransferFunctionScriptingTraits (0ms)
			SetupTypeCache (379ms)
			ReleaseScriptCaches (1ms)
			RebuildScriptCaches (51ms)
			SetupLoadedEditorAssemblies (1259ms)
				LogAssemblyErrors (0ms)
				InitializePlatformSupportModulesInManaged (61ms)
				SetLoadedEditorAssemblies (2ms)
				RefreshPlugins (1ms)
				BeforeProcessingInitializeOnLoad (133ms)
				ProcessInitializeOnLoadAttributes (906ms)
				ProcessInitializeOnLoadMethodAttributes (155ms)
				AfterProcessingInitializeOnLoad (1ms)
				EditorAssembliesLoaded (0ms)
			ExecutionOrderSort2 (0ms)
			AwakeInstancesAfterBackupRestoration (11ms)
Platform modules already initialized, skipping
Refreshing native plugins compatible for Editor in 1.92 ms, found 2 plugins.
Preloading 0 native plugins for Editor in 0.00 ms.
Unloading 3418 Unused Serialized files (Serialized files now loaded: 0)
Unloading 20 unused Assets / (73.3 KB). Loaded Objects now: 3911.
Memory consumption went from 313.8 MB to 313.7 MB.
Total: 3.741667 ms (FindLiveObjects: 0.236334 ms CreateObjectMapping: 0.132584 ms MarkObjects: 3.246459 ms  DeleteObjects: 0.124875 ms)

AssetImportParameters requested are different than current active one (requested -> active):
  custom:video-decoder-ogg-theora: a1e56fd34408186e4bbccfd4996cb3dc -> 
  custom:container-muxer-webm: aa71ff27fc2769a1b78a27578f13a17b -> 
  custom:container-demuxer-webm: 4f35f7cbe854078d1ac9338744f61a02 -> 
  custom:video-encoder-webm-vp8: eb34c28f22e8b96e1ab97ce403110664 -> 
  custom:framework-osx-AVFoundation: e770b220cccbd017edd2c1fefb359320 -> 
  custom:audio-encoder-webm-vorbis: bf7c407c2cedff20999df2af8eb42d56 -> 
  custom:container-demuxer-ogg: 62fdf1f143b41e24485cea50d1cbac27 -> 
  custom:video-decoder-webm-vp8: 9c59270c3fd7afecdb556c50c9e8de78 -> 
  custom:audio-decoder-ogg-vorbis: bf7c407c2cedff20999df2af8eb42d56 -> 
========================================================================
Received Import Request.
  Time since last request: 200.064849 seconds.
  path: Assets/Scenes/SampleScene.unity
  artifactKey: Guid(9fc0d4010bbf28b4594072e72b8655ab) Importer(815301076,1909f56bfc062723c751e8b465ee728b)
Start importing Assets/Scenes/SampleScene.unity using Guid(9fc0d4010bbf28b4594072e72b8655ab) Importer(815301076,1909f56bfc062723c751e8b465ee728b)  -> (artifact id: '38227c77e7f32544fdca1d12c475a6d5') in 0.033513 seconds 
========================================================================
Received Import Request.
  Time since last request: 42.750540 seconds.
  path: Assets/SimpleLowPolyNature/Materials/FireParticleMat.mat
  artifactKey: Guid(0e82a89a9331d7c4bb16ef322caffd53) Importer(815301076,1909f56bfc062723c751e8b465ee728b)
Start importing Assets/SimpleLowPolyNature/Materials/FireParticleMat.mat using Guid(0e82a89a9331d7c4bb16ef322caffd53) Importer(815301076,1909f56bfc062723c751e8b465ee728b)  -> (artifact id: 'dc851fe8094f246e0461fa694e8ebc46') in 1.184529 seconds 
========================================================================
Received Import Request.
  Time since last request: 10.551222 seconds.
  path: Assets/TextMesh Pro/Examples & Extras/Materials/Small Crate_diffuse.mat
  artifactKey: Guid(22262639920f43d6be32430e4e58350d) Importer(815301076,1909f56bfc062723c751e8b465ee728b)
Start importing Assets/TextMesh Pro/Examples & Extras/Materials/Small Crate_diffuse.mat using Guid(22262639920f43d6be32430e4e58350d) Importer(815301076,1909f56bfc062723c751e8b465ee728b)  -> (artifact id: 'fb391c50eb9d97c8318645f693050042') in 0.558438 seconds 
========================================================================
Received Import Request.
  Time since last request: 0.000117 seconds.
  path: Assets/TextMesh Pro/Resources/Fonts & Materials/LiberationSans SDF - Fallback.asset
  artifactKey: Guid(2e498d1c8094910479dc3e1b768306a4) Importer(815301076,1909f56bfc062723c751e8b465ee728b)
Start importing Assets/TextMesh Pro/Resources/Fonts & Materials/LiberationSans SDF - Fallback.asset using Guid(2e498d1c8094910479dc3e1b768306a4) Importer(815301076,1909f56bfc062723c751e8b465ee728b)  -> (artifact id: '27a1853b0918d32cdfa222daebca5bda') in 0.194793 seconds 
========================================================================
Received Import Request.
  Time since last request: 0.000097 seconds.
  path: Assets/TextMesh Pro/Examples & Extras/Resources/Fonts & Materials/Roboto-Bold SDF - Surface.mat
  artifactKey: Guid(e6b276ec991f467aa14ef1f3cc665993) Importer(815301076,1909f56bfc062723c751e8b465ee728b)
Start importing Assets/TextMesh Pro/Examples & Extras/Resources/Fonts & Materials/Roboto-Bold SDF - Surface.mat using Guid(e6b276ec991f467aa14ef1f3cc665993) Importer(815301076,1909f56bfc062723c751e8b465ee728b)  -> (artifact id: 'f662e6038e76d81637252d2cc7276990') in 0.020759 seconds 
========================================================================
Received Import Request.
  Time since last request: 68.130450 seconds.
  path: Assets/Assets/Environment.prefab
  artifactKey: Guid(c493121fb4fca459cbca2dd79f47322b) Importer(815301076,1909f56bfc062723c751e8b465ee728b)
Start importing Assets/Assets/Environment.prefab using Guid(c493121fb4fca459cbca2dd79f47322b) Importer(815301076,1909f56bfc062723c751e8b465ee728b)  -> (artifact id: '85723a09941938b37c29177a36ae1d2f') in 0.164215 seconds 
========================================================================
Received Import Request.
  Time since last request: 15.876563 seconds.
  path: Assets/Assets/Line1.prefab
  artifactKey: Guid(925f90f51641b4ac889e51cc86a2a1d8) Importer(815301076,1909f56bfc062723c751e8b465ee728b)
Start importing Assets/Assets/Line1.prefab using Guid(925f90f51641b4ac889e51cc86a2a1d8) Importer(815301076,1909f56bfc062723c751e8b465ee728b)  -> (artifact id: 'bc15adaf9a113f89b9116ff361c360e1') in 0.014407 seconds 
========================================================================
Received Import Request.
  Time since last request: 15.371144 seconds.
  path: Assets/Assets/Line1.prefab
  artifactKey: Guid(925f90f51641b4ac889e51cc86a2a1d8) Importer(815301076,1909f56bfc062723c751e8b465ee728b)
Start importing Assets/Assets/Line1.prefab using Guid(925f90f51641b4ac889e51cc86a2a1d8) Importer(815301076,1909f56bfc062723c751e8b465ee728b)  -> (artifact id: '5980b9b4dc356445a11ed38042f3e368') in 0.012874 seconds 
========================================================================
Received Import Request.
  Time since last request: 67.225675 seconds.
  path: Assets/Assets/Line7.prefab
  artifactKey: Guid(82f54b70953b3492e80bfc0064c4a223) Importer(815301076,1909f56bfc062723c751e8b465ee728b)
Start importing Assets/Assets/Line7.prefab using Guid(82f54b70953b3492e80bfc0064c4a223) Importer(815301076,1909f56bfc062723c751e8b465ee728b)  -> (artifact id: 'ea21e1fb541493e0715af3c7aefdd552') in 0.025653 seconds 
========================================================================
Received Import Request.
  Time since last request: 36.869300 seconds.
  path: Assets/Assets/Line5 2.prefab
  artifactKey: Guid(ae3cfc506e88a4a51bff3426cdfef3e8) Importer(815301076,1909f56bfc062723c751e8b465ee728b)
Start importing Assets/Assets/Line5 2.prefab using Guid(ae3cfc506e88a4a51bff3426cdfef3e8) Importer(815301076,1909f56bfc062723c751e8b465ee728b)  -> (artifact id: '5d1d69e68496676b484803aa379fa6d7') in 0.017530 seconds 
========================================================================
Received Import Request.
  Time since last request: 23.358373 seconds.
  path: Assets/Assets/Line7.prefab
  artifactKey: Guid(82f54b70953b3492e80bfc0064c4a223) Importer(815301076,1909f56bfc062723c751e8b465ee728b)
Start importing Assets/Assets/Line7.prefab using Guid(82f54b70953b3492e80bfc0064c4a223) Importer(815301076,1909f56bfc062723c751e8b465ee728b)  -> (artifact id: 'e5e6ca83c5597b956cdc83b99d8d0150') in 0.014618 seconds 
========================================================================
Received Import Request.
  Time since last request: 15.991632 seconds.
  path: Assets/Assets/Line7.prefab
  artifactKey: Guid(82f54b70953b3492e80bfc0064c4a223) Importer(815301076,1909f56bfc062723c751e8b465ee728b)
Start importing Assets/Assets/Line7.prefab using Guid(82f54b70953b3492e80bfc0064c4a223) Importer(815301076,1909f56bfc062723c751e8b465ee728b)  -> (artifact id: '2241a12b8df33f44cd92f0229ecdcb69') in 0.011850 seconds 
========================================================================
Received Import Request.
  Time since last request: 1.543317 seconds.
  path: Assets/Assets/Line7.prefab
  artifactKey: Guid(82f54b70953b3492e80bfc0064c4a223) Importer(815301076,1909f56bfc062723c751e8b465ee728b)
Start importing Assets/Assets/Line7.prefab using Guid(82f54b70953b3492e80bfc0064c4a223) Importer(815301076,1909f56bfc062723c751e8b465ee728b)  -> (artifact id: '05e1ad621af117219c1a3fa71c49716c') in 0.008853 seconds 
========================================================================
Received Import Request.
  Time since last request: 4.637353 seconds.
  path: Assets/Assets/Line7.prefab
  artifactKey: Guid(82f54b70953b3492e80bfc0064c4a223) Importer(815301076,1909f56bfc062723c751e8b465ee728b)
Start importing Assets/Assets/Line7.prefab using Guid(82f54b70953b3492e80bfc0064c4a223) Importer(815301076,1909f56bfc062723c751e8b465ee728b)  -> (artifact id: '0d2cb19020317dbe71473ac43be2d203') in 0.013146 seconds 
========================================================================
Received Import Request.
  Time since last request: 8.068119 seconds.
  path: Assets/Assets/Line7.prefab
  artifactKey: Guid(82f54b70953b3492e80bfc0064c4a223) Importer(815301076,1909f56bfc062723c751e8b465ee728b)
Start importing Assets/Assets/Line7.prefab using Guid(82f54b70953b3492e80bfc0064c4a223) Importer(815301076,1909f56bfc062723c751e8b465ee728b)  -> (artifact id: '2dce2c3d6fd6d9659a75332e2c1ae258') in 0.009681 seconds 
========================================================================
Received Import Request.
  Time since last request: 10.742998 seconds.
  path: Assets/Assets/Line7.prefab
  artifactKey: Guid(82f54b70953b3492e80bfc0064c4a223) Importer(815301076,1909f56bfc062723c751e8b465ee728b)
Start importing Assets/Assets/Line7.prefab using Guid(82f54b70953b3492e80bfc0064c4a223) Importer(815301076,1909f56bfc062723c751e8b465ee728b)  -> (artifact id: '1c1a23696d4de414771747b892af6eb8') in 0.017245 seconds 
========================================================================
Received Import Request.
  Time since last request: 1.561003 seconds.
  path: Assets/Assets/Line7.prefab
  artifactKey: Guid(82f54b70953b3492e80bfc0064c4a223) Importer(815301076,1909f56bfc062723c751e8b465ee728b)
Start importing Assets/Assets/Line7.prefab using Guid(82f54b70953b3492e80bfc0064c4a223) Importer(815301076,1909f56bfc062723c751e8b465ee728b)  -> (artifact id: 'b89bd075369781d9a1c3f64907a098b5') in 0.009293 seconds 
========================================================================
Received Import Request.
  Time since last request: 15.774085 seconds.
  path: Assets/Assets/Line7.prefab
  artifactKey: Guid(82f54b70953b3492e80bfc0064c4a223) Importer(815301076,1909f56bfc062723c751e8b465ee728b)
Start importing Assets/Assets/Line7.prefab using Guid(82f54b70953b3492e80bfc0064c4a223) Importer(815301076,1909f56bfc062723c751e8b465ee728b)  -> (artifact id: '723f5c5cd6cb7e62f29a5ae18e65855c') in 0.009167 seconds 
========================================================================
Received Import Request.
  Time since last request: 5.642743 seconds.
  path: Assets/Assets/Line7.prefab
  artifactKey: Guid(82f54b70953b3492e80bfc0064c4a223) Importer(815301076,1909f56bfc062723c751e8b465ee728b)
Start importing Assets/Assets/Line7.prefab using Guid(82f54b70953b3492e80bfc0064c4a223) Importer(815301076,1909f56bfc062723c751e8b465ee728b)  -> (artifact id: 'f096f921fe252ecc6d21f7f9edc4cc79') in 0.009640 seconds 
========================================================================
Received Import Request.
  Time since last request: 1.379856 seconds.
  path: Assets/Assets/Line7.prefab
  artifactKey: Guid(82f54b70953b3492e80bfc0064c4a223) Importer(815301076,1909f56bfc062723c751e8b465ee728b)
Start importing Assets/Assets/Line7.prefab using Guid(82f54b70953b3492e80bfc0064c4a223) Importer(815301076,1909f56bfc062723c751e8b465ee728b)  -> (artifact id: 'd7264f438b5c47b9e4baf3df6ec5e943') in 0.008622 seconds 
========================================================================
Received Import Request.
  Time since last request: 12.934031 seconds.
  path: Assets/Assets/Line7.prefab
  artifactKey: Guid(82f54b70953b3492e80bfc0064c4a223) Importer(815301076,1909f56bfc062723c751e8b465ee728b)
Start importing Assets/Assets/Line7.prefab using Guid(82f54b70953b3492e80bfc0064c4a223) Importer(815301076,1909f56bfc062723c751e8b465ee728b)  -> (artifact id: 'c9a85086030a91c13dbe88c54c1d1594') in 0.009097 seconds 
========================================================================
Received Import Request.
  Time since last request: 2.795992 seconds.
  path: Assets/Assets/Line7.prefab
  artifactKey: Guid(82f54b70953b3492e80bfc0064c4a223) Importer(815301076,1909f56bfc062723c751e8b465ee728b)
Start importing Assets/Assets/Line7.prefab using Guid(82f54b70953b3492e80bfc0064c4a223) Importer(815301076,1909f56bfc062723c751e8b465ee728b)  -> (artifact id: 'a6533b06f847d50aa45e4fd3d6499216') in 0.014714 seconds 
========================================================================
Received Import Request.
  Time since last request: 0.761250 seconds.
  path: Assets/Assets/Line7.prefab
  artifactKey: Guid(82f54b70953b3492e80bfc0064c4a223) Importer(815301076,1909f56bfc062723c751e8b465ee728b)
Start importing Assets/Assets/Line7.prefab using Guid(82f54b70953b3492e80bfc0064c4a223) Importer(815301076,1909f56bfc062723c751e8b465ee728b)  -> (artifact id: '12c433894d1a206fadff5dfe8f1615ef') in 0.007832 seconds 
========================================================================
Received Import Request.
  Time since last request: 8.284798 seconds.
  path: Assets/Assets/Line7.prefab
  artifactKey: Guid(82f54b70953b3492e80bfc0064c4a223) Importer(815301076,1909f56bfc062723c751e8b465ee728b)
Start importing Assets/Assets/Line7.prefab using Guid(82f54b70953b3492e80bfc0064c4a223) Importer(815301076,1909f56bfc062723c751e8b465ee728b)  -> (artifact id: 'd0825868bd8206985d5ae404b026d30f') in 0.008609 seconds 
========================================================================
Received Import Request.
  Time since last request: 2.874180 seconds.
  path: Assets/Assets/Line7.prefab
  artifactKey: Guid(82f54b70953b3492e80bfc0064c4a223) Importer(815301076,1909f56bfc062723c751e8b465ee728b)
Start importing Assets/Assets/Line7.prefab using Guid(82f54b70953b3492e80bfc0064c4a223) Importer(815301076,1909f56bfc062723c751e8b465ee728b)  -> (artifact id: '61692b5ccce62e58557a33bc51b78892') in 0.007996 seconds 
========================================================================
Received Import Request.
  Time since last request: 10.349452 seconds.
  path: Assets/Assets/Line7.prefab
  artifactKey: Guid(82f54b70953b3492e80bfc0064c4a223) Importer(815301076,1909f56bfc062723c751e8b465ee728b)
Start importing Assets/Assets/Line7.prefab using Guid(82f54b70953b3492e80bfc0064c4a223) Importer(815301076,1909f56bfc062723c751e8b465ee728b)  -> (artifact id: '81e9903ccf26ce0d6a3aab6968d3b376') in 0.009087 seconds 
========================================================================
Received Import Request.
  Time since last request: 7.384880 seconds.
  path: Assets/Assets/Line7.prefab
  artifactKey: Guid(82f54b70953b3492e80bfc0064c4a223) Importer(815301076,1909f56bfc062723c751e8b465ee728b)
Start importing Assets/Assets/Line7.prefab using Guid(82f54b70953b3492e80bfc0064c4a223) Importer(815301076,1909f56bfc062723c751e8b465ee728b)  -> (artifact id: '240c374ab68cd65c10633464b92682e1') in 0.008231 seconds 
========================================================================
Received Import Request.
  Time since last request: 2.412785 seconds.
  path: Assets/Assets/Line7.prefab
  artifactKey: Guid(82f54b70953b3492e80bfc0064c4a223) Importer(815301076,1909f56bfc062723c751e8b465ee728b)
Start importing Assets/Assets/Line7.prefab using Guid(82f54b70953b3492e80bfc0064c4a223) Importer(815301076,1909f56bfc062723c751e8b465ee728b)  -> (artifact id: 'aa7d3dff1b11f51c869a3cea7b533b66') in 0.008128 seconds 
========================================================================
Received Import Request.
  Time since last request: 16.647611 seconds.
  path: Assets/Assets/Line7.prefab
  artifactKey: Guid(82f54b70953b3492e80bfc0064c4a223) Importer(815301076,1909f56bfc062723c751e8b465ee728b)
Start importing Assets/Assets/Line7.prefab using Guid(82f54b70953b3492e80bfc0064c4a223) Importer(815301076,1909f56bfc062723c751e8b465ee728b)  -> (artifact id: '7faa9569f7b9c252393301c2869fe5d8') in 0.011120 seconds 
========================================================================
Received Import Request.
  Time since last request: 3.380500 seconds.
  path: Assets/Assets/Line7.prefab
  artifactKey: Guid(82f54b70953b3492e80bfc0064c4a223) Importer(815301076,1909f56bfc062723c751e8b465ee728b)
Start importing Assets/Assets/Line7.prefab using Guid(82f54b70953b3492e80bfc0064c4a223) Importer(815301076,1909f56bfc062723c751e8b465ee728b)  -> (artifact id: '22ea67a35c6de6e7c78d6c8c6bc4a8ff') in 0.011188 seconds 
========================================================================
Received Import Request.
  Time since last request: 265.289845 seconds.
  path: Assets/Assets/Line 8.prefab
  artifactKey: Guid(70835f3d32c504a9b938ff0d69b6620f) Importer(815301076,1909f56bfc062723c751e8b465ee728b)
Start importing Assets/Assets/Line 8.prefab using Guid(70835f3d32c504a9b938ff0d69b6620f) Importer(815301076,1909f56bfc062723c751e8b465ee728b)  -> (artifact id: 'c04edb8559f4f20412e4923e069dd5be') in 0.025982 seconds 
========================================================================
Received Import Request.
  Time since last request: 25.515045 seconds.
  path: Assets/Assets/Line 8.prefab
  artifactKey: Guid(70835f3d32c504a9b938ff0d69b6620f) Importer(815301076,1909f56bfc062723c751e8b465ee728b)
Start importing Assets/Assets/Line 8.prefab using Guid(70835f3d32c504a9b938ff0d69b6620f) Importer(815301076,1909f56bfc062723c751e8b465ee728b)  -> (artifact id: 'f16ad199de576a09ee7205210c8c52a8') in 0.011176 seconds 
========================================================================
Received Import Request.
  Time since last request: 4.369323 seconds.
  path: Assets/Assets/Line 8.prefab
  artifactKey: Guid(70835f3d32c504a9b938ff0d69b6620f) Importer(815301076,1909f56bfc062723c751e8b465ee728b)
Start importing Assets/Assets/Line 8.prefab using Guid(70835f3d32c504a9b938ff0d69b6620f) Importer(815301076,1909f56bfc062723c751e8b465ee728b)  -> (artifact id: '88a96740addeefe366a308af38d659de') in 0.008809 seconds 
========================================================================
Received Import Request.
  Time since last request: 1.596038 seconds.
  path: Assets/Assets/Line 8.prefab
  artifactKey: Guid(70835f3d32c504a9b938ff0d69b6620f) Importer(815301076,1909f56bfc062723c751e8b465ee728b)
Start importing Assets/Assets/Line 8.prefab using Guid(70835f3d32c504a9b938ff0d69b6620f) Importer(815301076,1909f56bfc062723c751e8b465ee728b)  -> (artifact id: '09fa04af6d5d1550d087a9f66364ef33') in 0.008591 seconds 
========================================================================
Received Import Request.
  Time since last request: 3.079240 seconds.
  path: Assets/Assets/Line 8.prefab
  artifactKey: Guid(70835f3d32c504a9b938ff0d69b6620f) Importer(815301076,1909f56bfc062723c751e8b465ee728b)
Start importing Assets/Assets/Line 8.prefab using Guid(70835f3d32c504a9b938ff0d69b6620f) Importer(815301076,1909f56bfc062723c751e8b465ee728b)  -> (artifact id: 'c042b03ab9f41d1a5d4a35dc37c98457') in 0.008936 seconds 
========================================================================
Received Import Request.
  Time since last request: 9.164095 seconds.
  path: Assets/Assets/Line 8.prefab
  artifactKey: Guid(70835f3d32c504a9b938ff0d69b6620f) Importer(815301076,1909f56bfc062723c751e8b465ee728b)
Start importing Assets/Assets/Line 8.prefab using Guid(70835f3d32c504a9b938ff0d69b6620f) Importer(815301076,1909f56bfc062723c751e8b465ee728b)  -> (artifact id: '0c6fc88b46ef082b99b0a546562af65c') in 0.008495 seconds 
========================================================================
Received Import Request.
  Time since last request: 4.944453 seconds.
  path: Assets/Assets/Line 8.prefab
  artifactKey: Guid(70835f3d32c504a9b938ff0d69b6620f) Importer(815301076,1909f56bfc062723c751e8b465ee728b)
Start importing Assets/Assets/Line 8.prefab using Guid(70835f3d32c504a9b938ff0d69b6620f) Importer(815301076,1909f56bfc062723c751e8b465ee728b)  -> (artifact id: '3b0f9ac07e19f1af87eeecfdfdc9f8fa') in 0.011737 seconds 
========================================================================
Received Import Request.
  Time since last request: 16.029844 seconds.
  path: Assets/Assets/Line 8.prefab
  artifactKey: Guid(70835f3d32c504a9b938ff0d69b6620f) Importer(815301076,1909f56bfc062723c751e8b465ee728b)
Start importing Assets/Assets/Line 8.prefab using Guid(70835f3d32c504a9b938ff0d69b6620f) Importer(815301076,1909f56bfc062723c751e8b465ee728b)  -> (artifact id: 'd4f6c5be921d9d63d245ac50f569378c') in 0.008602 seconds 
========================================================================
Received Import Request.
  Time since last request: 22.707892 seconds.
  path: Assets/Assets/Line 8.prefab
  artifactKey: Guid(70835f3d32c504a9b938ff0d69b6620f) Importer(815301076,1909f56bfc062723c751e8b465ee728b)
Start importing Assets/Assets/Line 8.prefab using Guid(70835f3d32c504a9b938ff0d69b6620f) Importer(815301076,1909f56bfc062723c751e8b465ee728b)  -> (artifact id: '85c18436bfc47270dd4090a21b66ca8a') in 0.029370 seconds 
========================================================================
Received Import Request.
  Time since last request: 10.005350 seconds.
  path: Assets/Assets/Line 8.prefab
  artifactKey: Guid(70835f3d32c504a9b938ff0d69b6620f) Importer(815301076,1909f56bfc062723c751e8b465ee728b)
Start importing Assets/Assets/Line 8.prefab using Guid(70835f3d32c504a9b938ff0d69b6620f) Importer(815301076,1909f56bfc062723c751e8b465ee728b)  -> (artifact id: '78758ddf1e3c6ffbeedfafb2c07bcb85') in 0.020755 seconds 
========================================================================
Received Import Request.
  Time since last request: 2.791809 seconds.
  path: Assets/Assets/Line 8.prefab
  artifactKey: Guid(70835f3d32c504a9b938ff0d69b6620f) Importer(815301076,1909f56bfc062723c751e8b465ee728b)
Start importing Assets/Assets/Line 8.prefab using Guid(70835f3d32c504a9b938ff0d69b6620f) Importer(815301076,1909f56bfc062723c751e8b465ee728b)  -> (artifact id: 'bcbbd78e3b77277a8d115d142963454a') in 0.008999 seconds 
========================================================================
Received Import Request.
  Time since last request: 4.268089 seconds.
  path: Assets/Assets/Line 8.prefab
  artifactKey: Guid(70835f3d32c504a9b938ff0d69b6620f) Importer(815301076,1909f56bfc062723c751e8b465ee728b)
Start importing Assets/Assets/Line 8.prefab using Guid(70835f3d32c504a9b938ff0d69b6620f) Importer(815301076,1909f56bfc062723c751e8b465ee728b)  -> (artifact id: 'c17f5c0415a6fb13dd1f86a1ad6a69eb') in 0.008191 seconds 
========================================================================
Received Import Request.
  Time since last request: 3.591501 seconds.
  path: Assets/Assets/Line 8.prefab
  artifactKey: Guid(70835f3d32c504a9b938ff0d69b6620f) Importer(815301076,1909f56bfc062723c751e8b465ee728b)
Start importing Assets/Assets/Line 8.prefab using Guid(70835f3d32c504a9b938ff0d69b6620f) Importer(815301076,1909f56bfc062723c751e8b465ee728b)  -> (artifact id: 'c6334c3c93904d0c7b69c3a05298a4e3') in 0.013436 seconds 
========================================================================
Received Import Request.
  Time since last request: 2.205951 seconds.
  path: Assets/Assets/Line 8.prefab
  artifactKey: Guid(70835f3d32c504a9b938ff0d69b6620f) Importer(815301076,1909f56bfc062723c751e8b465ee728b)
Start importing Assets/Assets/Line 8.prefab using Guid(70835f3d32c504a9b938ff0d69b6620f) Importer(815301076,1909f56bfc062723c751e8b465ee728b)  -> (artifact id: '8fd6173803f4b543d47c83dad376d89f') in 0.009006 seconds 
========================================================================
Received Import Request.
  Time since last request: 10.543195 seconds.
  path: Assets/Assets/Line 8.prefab
  artifactKey: Guid(70835f3d32c504a9b938ff0d69b6620f) Importer(815301076,1909f56bfc062723c751e8b465ee728b)
Start importing Assets/Assets/Line 8.prefab using Guid(70835f3d32c504a9b938ff0d69b6620f) Importer(815301076,1909f56bfc062723c751e8b465ee728b)  -> (artifact id: '4eb0551a45af97368afa9c5b9ed04c1d') in 0.008620 seconds 
========================================================================
Received Import Request.
  Time since last request: 4.412486 seconds.
  path: Assets/Assets/Line 8.prefab
  artifactKey: Guid(70835f3d32c504a9b938ff0d69b6620f) Importer(815301076,1909f56bfc062723c751e8b465ee728b)
Start importing Assets/Assets/Line 8.prefab using Guid(70835f3d32c504a9b938ff0d69b6620f) Importer(815301076,1909f56bfc062723c751e8b465ee728b)  -> (artifact id: '6b3d5b2a30bf8d8aec767d1876148b8e') in 0.008724 seconds 
========================================================================
Received Import Request.
  Time since last request: 12.695640 seconds.
  path: Assets/Assets/Line 8.prefab
  artifactKey: Guid(70835f3d32c504a9b938ff0d69b6620f) Importer(815301076,1909f56bfc062723c751e8b465ee728b)
Start importing Assets/Assets/Line 8.prefab using Guid(70835f3d32c504a9b938ff0d69b6620f) Importer(815301076,1909f56bfc062723c751e8b465ee728b)  -> (artifact id: '96c1813d15a8482fc2548d6536279d3c') in 0.010511 seconds 
========================================================================
Received Import Request.
  Time since last request: 5.185347 seconds.
  path: Assets/Assets/Line 8.prefab
  artifactKey: Guid(70835f3d32c504a9b938ff0d69b6620f) Importer(815301076,1909f56bfc062723c751e8b465ee728b)
Start importing Assets/Assets/Line 8.prefab using Guid(70835f3d32c504a9b938ff0d69b6620f) Importer(815301076,1909f56bfc062723c751e8b465ee728b)  -> (artifact id: '51a6334cda124463032314c248de7b09') in 0.008051 seconds 
========================================================================
Received Import Request.
  Time since last request: 43.754786 seconds.
  path: Assets/Assets/Line 9.prefab
  artifactKey: Guid(cae150a437f2a4abe9f3448f6992d1be) Importer(815301076,1909f56bfc062723c751e8b465ee728b)
Start importing Assets/Assets/Line 9.prefab using Guid(cae150a437f2a4abe9f3448f6992d1be) Importer(815301076,1909f56bfc062723c751e8b465ee728b)  -> (artifact id: 'c45c15857f0b229868abbe0eb2a8f1c2') in 0.026192 seconds 
========================================================================
Received Import Request.
  Time since last request: 15.178051 seconds.
  path: Assets/Assets/Line 9.prefab
  artifactKey: Guid(cae150a437f2a4abe9f3448f6992d1be) Importer(815301076,1909f56bfc062723c751e8b465ee728b)
Start importing Assets/Assets/Line 9.prefab using Guid(cae150a437f2a4abe9f3448f6992d1be) Importer(815301076,1909f56bfc062723c751e8b465ee728b)  -> (artifact id: '337b6ef88d5c0ab8bed6ed3f256d2fb7') in 0.011640 seconds 
========================================================================
Received Prepare
Registering precompiled user dll's ...
Registered in 0.001994 seconds.
Begin MonoManager ReloadAssembly
Symbol file LoadedFromMemory doesn't match image /Users/alaaabdelazeem/Desktop/Projects/Infinite Runner Gamee/Library/PackageCache/com.unity.visualscripting@1.7.8/Editor/VisualScripting.Core/Dependencies/YamlDotNet/Unity.VisualScripting.YamlDotNet.dll
Symbol file LoadedFromMemory doesn't match image /Users/alaaabdelazeem/Desktop/Projects/Infinite Runner Gamee/Library/PackageCache/com.unity.visualscripting@1.7.8/Editor/VisualScripting.Core/Dependencies/DotNetZip/Unity.VisualScripting.IonicZip.dll
Native extension for Android target not found
Native extension for OSXStandalone target not found
Refreshing native plugins compatible for Editor in 0.60 ms, found 2 plugins.
Preloading 0 native plugins for Editor in 0.00 ms.
Mono: successfully reloaded assembly
- Completed reload, in  2.604 seconds
Domain Reload Profiling:
	ReloadAssembly (2607ms)
		BeginReloadAssembly (346ms)
			ExecutionOrderSort (0ms)
			DisableScriptedObjects (44ms)
			BackupInstance (0ms)
			ReleaseScriptingObjects (0ms)
			CreateAndSetChildDomain (104ms)
		EndReloadAssembly (2007ms)
			LoadAssemblies (144ms)
			RebuildTransferFunctionScriptingTraits (0ms)
			SetupTypeCache (376ms)
			ReleaseScriptCaches (1ms)
			RebuildScriptCaches (50ms)
			SetupLoadedEditorAssemblies (1253ms)
				LogAssemblyErrors (0ms)
				InitializePlatformSupportModulesInManaged (62ms)
				SetLoadedEditorAssemblies (2ms)
				RefreshPlugins (1ms)
				BeforeProcessingInitializeOnLoad (112ms)
				ProcessInitializeOnLoadAttributes (946ms)
				ProcessInitializeOnLoadMethodAttributes (129ms)
				AfterProcessingInitializeOnLoad (1ms)
				EditorAssembliesLoaded (0ms)
			ExecutionOrderSort2 (0ms)
			AwakeInstancesAfterBackupRestoration (11ms)
Platform modules already initialized, skipping
Refreshing native plugins compatible for Editor in 1.35 ms, found 2 plugins.
Preloading 0 native plugins for Editor in 0.00 ms.
Unloading 3418 Unused Serialized files (Serialized files now loaded: 0)
Unloading 20 unused Assets / (73.4 KB). Loaded Objects now: 3964.
Memory consumption went from 331.8 MB to 331.8 MB.
Total: 3.981375 ms (FindLiveObjects: 0.287292 ms CreateObjectMapping: 0.097292 ms MarkObjects: 3.231708 ms  DeleteObjects: 0.363042 ms)

AssetImportParameters requested are different than current active one (requested -> active):
  custom:video-decoder-ogg-theora: a1e56fd34408186e4bbccfd4996cb3dc -> 
  custom:container-muxer-webm: aa71ff27fc2769a1b78a27578f13a17b -> 
  custom:container-demuxer-webm: 4f35f7cbe854078d1ac9338744f61a02 -> 
  custom:video-encoder-webm-vp8: eb34c28f22e8b96e1ab97ce403110664 -> 
  custom:framework-osx-AVFoundation: e770b220cccbd017edd2c1fefb359320 -> 
  custom:audio-encoder-webm-vorbis: bf7c407c2cedff20999df2af8eb42d56 -> 
  custom:container-demuxer-ogg: 62fdf1f143b41e24485cea50d1cbac27 -> 
  custom:video-decoder-webm-vp8: 9c59270c3fd7afecdb556c50c9e8de78 -> 
  custom:audio-decoder-ogg-vorbis: bf7c407c2cedff20999df2af8eb42d56 -> 
========================================================================
Received Import Request.
  Time since last request: 145.817899 seconds.
  path: Assets/Assets/Line 8.prefab
  artifactKey: Guid(70835f3d32c504a9b938ff0d69b6620f) Importer(815301076,1909f56bfc062723c751e8b465ee728b)
Start importing Assets/Assets/Line 8.prefab using Guid(70835f3d32c504a9b938ff0d69b6620f) Importer(815301076,1909f56bfc062723c751e8b465ee728b)  -> (artifact id: 'a210cd51af607d7e4b5402cebff7b871') in 0.294052 seconds 
========================================================================
Received Prepare
Registering precompiled user dll's ...
Registered in 0.001766 seconds.
Begin MonoManager ReloadAssembly
Symbol file LoadedFromMemory doesn't match image /Users/alaaabdelazeem/Desktop/Projects/Infinite Runner Gamee/Library/PackageCache/com.unity.visualscripting@1.7.8/Editor/VisualScripting.Core/Dependencies/YamlDotNet/Unity.VisualScripting.YamlDotNet.dll
Symbol file LoadedFromMemory doesn't match image /Users/alaaabdelazeem/Desktop/Projects/Infinite Runner Gamee/Library/PackageCache/com.unity.visualscripting@1.7.8/Editor/VisualScripting.Core/Dependencies/DotNetZip/Unity.VisualScripting.IonicZip.dll
Native extension for Android target not found
Native extension for OSXStandalone target not found
Refreshing native plugins compatible for Editor in 0.55 ms, found 2 plugins.
Preloading 0 native plugins for Editor in 0.00 ms.
Mono: successfully reloaded assembly
- Completed reload, in  2.567 seconds
Domain Reload Profiling:
	ReloadAssembly (2570ms)
		BeginReloadAssembly (300ms)
			ExecutionOrderSort (0ms)
			DisableScriptedObjects (40ms)
			BackupInstance (0ms)
			ReleaseScriptingObjects (0ms)
			CreateAndSetChildDomain (80ms)
		EndReloadAssembly (2027ms)
			LoadAssemblies (143ms)
			RebuildTransferFunctionScriptingTraits (0ms)
			SetupTypeCache (379ms)
			ReleaseScriptCaches (1ms)
			RebuildScriptCaches (51ms)
			SetupLoadedEditorAssemblies (1277ms)
				LogAssemblyErrors (0ms)
				InitializePlatformSupportModulesInManaged (65ms)
				SetLoadedEditorAssemblies (1ms)
				RefreshPlugins (1ms)
				BeforeProcessingInitializeOnLoad (111ms)
				ProcessInitializeOnLoadAttributes (965ms)
				ProcessInitializeOnLoadMethodAttributes (132ms)
				AfterProcessingInitializeOnLoad (1ms)
				EditorAssembliesLoaded (1ms)
			ExecutionOrderSort2 (0ms)
			AwakeInstancesAfterBackupRestoration (13ms)
Platform modules already initialized, skipping
Refreshing native plugins compatible for Editor in 1.82 ms, found 2 plugins.
Preloading 0 native plugins for Editor in 0.00 ms.
Unloading 3418 Unused Serialized files (Serialized files now loaded: 0)
Unloading 20 unused Assets / (73.3 KB). Loaded Objects now: 3967.
Memory consumption went from 332.2 MB to 332.1 MB.
Total: 3.320958 ms (FindLiveObjects: 0.279625 ms CreateObjectMapping: 0.148583 ms MarkObjects: 2.759666 ms  DeleteObjects: 0.131917 ms)

AssetImportParameters requested are different than current active one (requested -> active):
  custom:video-decoder-ogg-theora: a1e56fd34408186e4bbccfd4996cb3dc -> 
  custom:container-muxer-webm: aa71ff27fc2769a1b78a27578f13a17b -> 
  custom:container-demuxer-webm: 4f35f7cbe854078d1ac9338744f61a02 -> 
  custom:video-encoder-webm-vp8: eb34c28f22e8b96e1ab97ce403110664 -> 
  custom:framework-osx-AVFoundation: e770b220cccbd017edd2c1fefb359320 -> 
  custom:audio-encoder-webm-vorbis: bf7c407c2cedff20999df2af8eb42d56 -> 
  custom:container-demuxer-ogg: 62fdf1f143b41e24485cea50d1cbac27 -> 
  custom:video-decoder-webm-vp8: 9c59270c3fd7afecdb556c50c9e8de78 -> 
  custom:audio-decoder-ogg-vorbis: bf7c407c2cedff20999df2af8eb42d56 -> 
========================================================================
Received Import Request.
  Time since last request: 20.543740 seconds.
  path: Assets/Assets/Line 8.prefab
  artifactKey: Guid(70835f3d32c504a9b938ff0d69b6620f) Importer(815301076,1909f56bfc062723c751e8b465ee728b)
Start importing Assets/Assets/Line 8.prefab using Guid(70835f3d32c504a9b938ff0d69b6620f) Importer(815301076,1909f56bfc062723c751e8b465ee728b)  -> (artifact id: 'b9b45370e68b31ebe5524986d6c911a9') in 0.286787 seconds 
========================================================================
Received Prepare
Registering precompiled user dll's ...
Registered in 0.001751 seconds.
Begin MonoManager ReloadAssembly
Symbol file LoadedFromMemory doesn't match image /Users/alaaabdelazeem/Desktop/Projects/Infinite Runner Gamee/Library/PackageCache/com.unity.visualscripting@1.7.8/Editor/VisualScripting.Core/Dependencies/YamlDotNet/Unity.VisualScripting.YamlDotNet.dll
Symbol file LoadedFromMemory doesn't match image /Users/alaaabdelazeem/Desktop/Projects/Infinite Runner Gamee/Library/PackageCache/com.unity.visualscripting@1.7.8/Editor/VisualScripting.Core/Dependencies/DotNetZip/Unity.VisualScripting.IonicZip.dll
Native extension for Android target not found
Native extension for OSXStandalone target not found
Refreshing native plugins compatible for Editor in 0.62 ms, found 2 plugins.
Preloading 0 native plugins for Editor in 0.00 ms.
Mono: successfully reloaded assembly
- Completed reload, in  2.532 seconds
Domain Reload Profiling:
	ReloadAssembly (2534ms)
		BeginReloadAssembly (343ms)
			ExecutionOrderSort (0ms)
			DisableScriptedObjects (75ms)
			BackupInstance (0ms)
			ReleaseScriptingObjects (0ms)
			CreateAndSetChildDomain (86ms)
		EndReloadAssembly (1935ms)
			LoadAssemblies (136ms)
			RebuildTransferFunctionScriptingTraits (0ms)
			SetupTypeCache (371ms)
			ReleaseScriptCaches (1ms)
			RebuildScriptCaches (50ms)
			SetupLoadedEditorAssemblies (1205ms)
				LogAssemblyErrors (0ms)
				InitializePlatformSupportModulesInManaged (62ms)
				SetLoadedEditorAssemblies (2ms)
				RefreshPlugins (1ms)
				BeforeProcessingInitializeOnLoad (112ms)
				ProcessInitializeOnLoadAttributes (903ms)
				ProcessInitializeOnLoadMethodAttributes (124ms)
				AfterProcessingInitializeOnLoad (1ms)
				EditorAssembliesLoaded (0ms)
			ExecutionOrderSort2 (0ms)
			AwakeInstancesAfterBackupRestoration (11ms)
Platform modules already initialized, skipping
Refreshing native plugins compatible for Editor in 1.95 ms, found 2 plugins.
Preloading 0 native plugins for Editor in 0.00 ms.
Unloading 3418 Unused Serialized files (Serialized files now loaded: 0)
Unloading 20 unused Assets / (73.4 KB). Loaded Objects now: 3970.
Memory consumption went from 332.4 MB to 332.4 MB.
Total: 3.594500 ms (FindLiveObjects: 0.228333 ms CreateObjectMapping: 0.095083 ms MarkObjects: 3.152542 ms  DeleteObjects: 0.117542 ms)

AssetImportParameters requested are different than current active one (requested -> active):
  custom:video-decoder-ogg-theora: a1e56fd34408186e4bbccfd4996cb3dc -> 
  custom:container-muxer-webm: aa71ff27fc2769a1b78a27578f13a17b -> 
  custom:container-demuxer-webm: 4f35f7cbe854078d1ac9338744f61a02 -> 
  custom:video-encoder-webm-vp8: eb34c28f22e8b96e1ab97ce403110664 -> 
  custom:framework-osx-AVFoundation: e770b220cccbd017edd2c1fefb359320 -> 
  custom:audio-encoder-webm-vorbis: bf7c407c2cedff20999df2af8eb42d56 -> 
  custom:container-demuxer-ogg: 62fdf1f143b41e24485cea50d1cbac27 -> 
  custom:video-decoder-webm-vp8: 9c59270c3fd7afecdb556c50c9e8de78 -> 
  custom:audio-decoder-ogg-vorbis: bf7c407c2cedff20999df2af8eb42d56 -> 
========================================================================
Received Import Request.
  Time since last request: 45.187126 seconds.
  path: Assets/Assets/Line5.prefab
  artifactKey: Guid(fbfaa114e8c5d4c529ef9846ce9a3dcc) Importer(815301076,1909f56bfc062723c751e8b465ee728b)
Start importing Assets/Assets/Line5.prefab using Guid(fbfaa114e8c5d4c529ef9846ce9a3dcc) Importer(815301076,1909f56bfc062723c751e8b465ee728b)  -> (artifact id: 'ec418fc7d6d83f1255b38e505104f838') in 0.248406 seconds 
========================================================================
Received Import Request.
  Time since last request: 15.124053 seconds.
  path: Assets/Assets/Environment.prefab
  artifactKey: Guid(c493121fb4fca459cbca2dd79f47322b) Importer(815301076,1909f56bfc062723c751e8b465ee728b)
Start importing Assets/Assets/Environment.prefab using Guid(c493121fb4fca459cbca2dd79f47322b) Importer(815301076,1909f56bfc062723c751e8b465ee728b)  -> (artifact id: 'de93244940623b6841412d4a7549031d') in 0.039944 seconds 
========================================================================
Received Import Request.
  Time since last request: 5.973452 seconds.
  path: Assets/Assets/Environment.prefab
  artifactKey: Guid(c493121fb4fca459cbca2dd79f47322b) Importer(815301076,1909f56bfc062723c751e8b465ee728b)
Start importing Assets/Assets/Environment.prefab using Guid(c493121fb4fca459cbca2dd79f47322b) Importer(815301076,1909f56bfc062723c751e8b465ee728b)  -> (artifact id: '2714b87cdadc4101b733d56094df3532') in 0.013699 seconds 
========================================================================
Received Import Request.
  Time since last request: 7.699781 seconds.
  path: Assets/Assets/Environment.prefab
  artifactKey: Guid(c493121fb4fca459cbca2dd79f47322b) Importer(815301076,1909f56bfc062723c751e8b465ee728b)
Start importing Assets/Assets/Environment.prefab using Guid(c493121fb4fca459cbca2dd79f47322b) Importer(815301076,1909f56bfc062723c751e8b465ee728b)  -> (artifact id: 'c6bf144d89562b0b5364925311ed65dd') in 0.017561 seconds 
========================================================================
Received Import Request.
  Time since last request: 3.453952 seconds.
  path: Assets/Assets/Environment.prefab
  artifactKey: Guid(c493121fb4fca459cbca2dd79f47322b) Importer(815301076,1909f56bfc062723c751e8b465ee728b)
Start importing Assets/Assets/Environment.prefab using Guid(c493121fb4fca459cbca2dd79f47322b) Importer(815301076,1909f56bfc062723c751e8b465ee728b)  -> (artifact id: '5325e09357d1c9b4621ea9e8091ec390') in 0.012818 seconds 
========================================================================
Received Prepare
Registering precompiled user dll's ...
Registered in 0.001784 seconds.
Begin MonoManager ReloadAssembly
Symbol file LoadedFromMemory doesn't match image /Users/alaaabdelazeem/Desktop/Projects/Infinite Runner Gamee/Library/PackageCache/com.unity.visualscripting@1.7.8/Editor/VisualScripting.Core/Dependencies/YamlDotNet/Unity.VisualScripting.YamlDotNet.dll
Symbol file LoadedFromMemory doesn't match image /Users/alaaabdelazeem/Desktop/Projects/Infinite Runner Gamee/Library/PackageCache/com.unity.visualscripting@1.7.8/Editor/VisualScripting.Core/Dependencies/DotNetZip/Unity.VisualScripting.IonicZip.dll
Native extension for Android target not found
Native extension for OSXStandalone target not found
Refreshing native plugins compatible for Editor in 0.72 ms, found 2 plugins.
Preloading 0 native plugins for Editor in 0.00 ms.
Mono: successfully reloaded assembly
- Completed reload, in  2.630 seconds
Domain Reload Profiling:
	ReloadAssembly (2632ms)
		BeginReloadAssembly (386ms)
			ExecutionOrderSort (0ms)
			DisableScriptedObjects (43ms)
			BackupInstance (0ms)
			ReleaseScriptingObjects (0ms)
			CreateAndSetChildDomain (112ms)
		EndReloadAssembly (1992ms)
			LoadAssemblies (174ms)
			RebuildTransferFunctionScriptingTraits (0ms)
			SetupTypeCache (410ms)
			ReleaseScriptCaches (1ms)
			RebuildScriptCaches (50ms)
			SetupLoadedEditorAssemblies (1203ms)
				LogAssemblyErrors (0ms)
				InitializePlatformSupportModulesInManaged (60ms)
				SetLoadedEditorAssemblies (1ms)
				RefreshPlugins (1ms)
				BeforeProcessingInitializeOnLoad (117ms)
				ProcessInitializeOnLoadAttributes (901ms)
				ProcessInitializeOnLoadMethodAttributes (121ms)
				AfterProcessingInitializeOnLoad (1ms)
				EditorAssembliesLoaded (0ms)
			ExecutionOrderSort2 (0ms)
			AwakeInstancesAfterBackupRestoration (11ms)
Platform modules already initialized, skipping
Refreshing native plugins compatible for Editor in 1.79 ms, found 2 plugins.
Preloading 0 native plugins for Editor in 0.00 ms.
Unloading 3418 Unused Serialized files (Serialized files now loaded: 0)
Unloading 20 unused Assets / (73.4 KB). Loaded Objects now: 3973.
Memory consumption went from 332.5 MB to 332.5 MB.
Total: 3.813584 ms (FindLiveObjects: 0.306041 ms CreateObjectMapping: 0.149375 ms MarkObjects: 3.215792 ms  DeleteObjects: 0.141250 ms)

AssetImportParameters requested are different than current active one (requested -> active):
  custom:video-decoder-ogg-theora: a1e56fd34408186e4bbccfd4996cb3dc -> 
  custom:container-muxer-webm: aa71ff27fc2769a1b78a27578f13a17b -> 
  custom:container-demuxer-webm: 4f35f7cbe854078d1ac9338744f61a02 -> 
  custom:video-encoder-webm-vp8: eb34c28f22e8b96e1ab97ce403110664 -> 
  custom:framework-osx-AVFoundation: e770b220cccbd017edd2c1fefb359320 -> 
  custom:audio-encoder-webm-vorbis: bf7c407c2cedff20999df2af8eb42d56 -> 
  custom:container-demuxer-ogg: 62fdf1f143b41e24485cea50d1cbac27 -> 
  custom:video-decoder-webm-vp8: 9c59270c3fd7afecdb556c50c9e8de78 -> 
  custom:audio-decoder-ogg-vorbis: bf7c407c2cedff20999df2af8eb42d56 -> 
AssetImportWorkerClient::OnTransportError - code=2 error=End of file
